99.11.28 18:14 B C:\FrontPage Webs\Content\sik\ALLM.HTM --> hem2.passagen.se /members/dalahbg ALLM.HTM
99.11.28 18:14 B C:\FrontPage Webs\Content\sik\BLIMDL.HTM --> hem2.passagen.se /members/dalahbg BLIMDL.HTM
99.11.28 18:14 B C:\FrontPage Webs\Content\sik\galleri.htm --> hem2.passagen.se /members/dalahbg galleri.htm
99.11.28 18:14 B C:\FrontPage Webs\Content\sik\GUANO.HTM --> hem2.passagen.se /members/dalahbg GUANO.HTM
99.11.28 18:14 B C:\FrontPage Webs\Content\sik\GUANO1.HTM --> hem2.passagen.se /members/dalahbg GUANO1.HTM
99.11.28 18:14 B C:\FrontPage Webs\Content\sik\GUANO2.HTM --> hem2.passagen.se /members/dalahbg GUANO2.HTM
99.11.28 18:14 B C:\FrontPage Webs\Content\sik\GUANO3.HTM --> hem2.passagen.se /members/dalahbg GUANO3.HTM
99.11.28 18:14 B C:\FrontPage Webs\Content\sik\HIST.HTM --> hem2.passagen.se /members/dalahbg HIST.HTM
99.11.28 18:14 B C:\FrontPage Webs\Content\sik\INDEX.HTM --> hem2.passagen.se /members/dalahbg INDEX.HTM
99.11.28 18:14 B C:\FrontPage Webs\Content\sik\IS.HTM --> hem2.passagen.se /members/dalahbg IS.HTM
99.11.28 18:14 B C:\FrontPage Webs\Content\sik\LANK.HTM --> hem2.passagen.se /members/dalahbg LANK.HTM
99.11.28 18:14 B C:\FrontPage Webs\Content\sik\PRESENT.HTM --> hem2.passagen.se /members/dalahbg PRESENT.HTM
99.11.28 18:14 B C:\FrontPage Webs\Content\sik\REGISTER.HTM --> hem2.passagen.se /members/dalahbg REGISTER.HTM
99.11.28 18:14 B C:\FrontPage Webs\Content\sik\S9697.HTM --> hem2.passagen.se /members/dalahbg S9697.HTM
99.11.28 18:14 B C:\FrontPage Webs\Content\sik\S9798.HTM --> hem2.passagen.se /members/dalahbg S9798.HTM
99.11.28 18:14 B C:\FrontPage Webs\Content\sik\S9899.HTM --> hem2.passagen.se /members/dalahbg S9899.HTM
99.11.28 18:14 B C:\FrontPage Webs\Content\sik\S9900.HTM --> hem2.passagen.se /members/dalahbg S9900.HTM
99.11.28 18:14 B C:\FrontPage Webs\Content\sik\SEG.HTM --> hem2.passagen.se /members/dalahbg SEG.HTM
99.11.28 18:14 B C:\FrontPage Webs\Content\sik\SKRID.HTM --> hem2.passagen.se /members/dalahbg SKRID.HTM
99.11.28 18:15 B C:\FrontPage Webs\Content\sik\STADGAR.HTM --> hem2.passagen.se /members/dalahbg STADGAR.HTM
99.11.28 18:15 B C:\FrontPage Webs\Content\sik\STYR.HTM --> hem2.passagen.se /members/dalahbg STYR.HTM
99.11.28 18:15 B C:\FrontPage Webs\Content\sik\T9697.HTM --> hem2.passagen.se /members/dalahbg T9697.HTM
99.11.28 18:15 B C:\FrontPage Webs\Content\sik\T9798.HTM --> hem2.passagen.se /members/dalahbg T9798.HTM
99.11.28 18:15 B C:\FrontPage Webs\Content\sik\T9899.HTM --> hem2.passagen.se /members/dalahbg T9899.HTM
99.11.28 18:15 B C:\FrontPage Webs\Content\sik\T9900.HTM --> hem2.passagen.se /members/dalahbg T9900.HTM
99.11.28 18:15 B C:\FrontPage Webs\Content\sik\TURER.HTM --> hem2.passagen.se /members/dalahbg TURER.HTM
99.11.28 18:15 B C:\FrontPage Webs\Content\sik\TURER1.HTM --> hem2.passagen.se /members/dalahbg TURER1.HTM
99.11.28 18:15 B C:\FrontPage Webs\Content\sik\VERKSA.HTM --> hem2.passagen.se /members/dalahbg VERKSA.HTM
99.11.29 21:19 B C:\FrontPage Webs\Content\sik\ALLM.HTM --> hem2.passagen.se /members/dalahbg ALLM.HTM
99.11.29 21:19 B C:\FrontPage Webs\Content\sik\anslagst.htm --> hem2.passagen.se /members/dalahbg anslagst.htm
99.11.29 21:19 B C:\FrontPage Webs\Content\sik\BLIMDL.HTM --> hem2.passagen.se /members/dalahbg BLIMDL.HTM
99.11.29 21:19 B C:\FrontPage Webs\Content\sik\galleri.htm --> hem2.passagen.se /members/dalahbg galleri.htm
99.11.29 21:19 B C:\FrontPage Webs\Content\sik\GUANO.HTM --> hem2.passagen.se /members/dalahbg GUANO.HTM
99.11.29 21:19 B C:\FrontPage Webs\Content\sik\GUANO1.HTM --> hem2.passagen.se /members/dalahbg GUANO1.HTM
99.11.29 21:19 B C:\FrontPage Webs\Content\sik\GUANO2.HTM --> hem2.passagen.se /members/dalahbg GUANO2.HTM
99.11.29 21:19 B C:\FrontPage Webs\Content\sik\GUANO3.HTM --> hem2.passagen.se /members/dalahbg GUANO3.HTM
99.11.29 21:19 B C:\FrontPage Webs\Content\sik\HIST.HTM --> hem2.passagen.se /members/dalahbg HIST.HTM
99.11.29 21:19 B C:\FrontPage Webs\Content\sik\INDEX.HTM --> hem2.passagen.se /members/dalahbg INDEX.HTM
99.11.29 21:19 B C:\FrontPage Webs\Content\sik\IS.HTM --> hem2.passagen.se /members/dalahbg IS.HTM
99.11.29 21:19 B C:\FrontPage Webs\Content\sik\LANK.HTM --> hem2.passagen.se /members/dalahbg LANK.HTM
99.11.29 21:19 B C:\FrontPage Webs\Content\sik\PRESENT.HTM --> hem2.passagen.se /members/dalahbg PRESENT.HTM
99.11.29 21:19 B C:\FrontPage Webs\Content\sik\REGISTER.HTM --> hem2.passagen.se /members/dalahbg REGISTER.HTM
99.11.29 21:19 B C:\FrontPage Webs\Content\sik\S9697.HTM --> hem2.passagen.se /members/dalahbg S9697.HTM
99.11.29 21:19 B C:\FrontPage Webs\Content\sik\S9798.HTM --> hem2.passagen.se /members/dalahbg S9798.HTM
99.11.29 21:19 B C:\FrontPage Webs\Content\sik\S9899.HTM --> hem2.passagen.se /members/dalahbg S9899.HTM
99.11.29 21:19 B C:\FrontPage Webs\Content\sik\S9900.HTM --> hem2.passagen.se /members/dalahbg S9900.HTM
99.11.29 21:19 B C:\FrontPage Webs\Content\sik\SEG.HTM --> hem2.passagen.se /members/dalahbg SEG.HTM
99.11.29 21:19 B C:\FrontPage Webs\Content\sik\SKRID.HTM --> hem2.passagen.se /members/dalahbg SKRID.HTM
99.11.29 21:19 B C:\FrontPage Webs\Content\sik\STADGAR.HTM --> hem2.passagen.se /members/dalahbg STADGAR.HTM
99.11.29 21:19 B C:\FrontPage Webs\Content\sik\STYR.HTM --> hem2.passagen.se /members/dalahbg STYR.HTM
99.11.29 21:19 B C:\FrontPage Webs\Content\sik\T9697.HTM --> hem2.passagen.se /members/dalahbg T9697.HTM
99.11.29 21:19 B C:\FrontPage Webs\Content\sik\T9798.HTM --> hem2.passagen.se /members/dalahbg T9798.HTM
99.11.29 21:19 B C:\FrontPage Webs\Content\sik\T9899.HTM --> hem2.passagen.se /members/dalahbg T9899.HTM
99.11.29 21:19 B C:\FrontPage Webs\Content\sik\T9900.HTM --> hem2.passagen.se /members/dalahbg T9900.HTM
99.11.29 21:19 B C:\FrontPage Webs\Content\sik\TURER.HTM --> hem2.passagen.se /members/dalahbg TURER.HTM
99.11.29 21:19 B C:\FrontPage Webs\Content\sik\TURER1.HTM --> hem2.passagen.se /members/dalahbg TURER1.HTM
99.11.29 21:20 B C:\FrontPage Webs\Content\sik\VERKSA.HTM --> hem2.passagen.se /members/dalahbg VERKSA.HTM
99.12.11 17:03 B C:\FrontPage Webs\Content\sik\ALLM.HTM --> hem2.passagen.se / ALLM.HTM
99.12.11 17:03 B C:\FrontPage Webs\Content\sik\anslagst.htm --> hem2.passagen.se / anslagst.htm
99.12.11 17:03 B C:\FrontPage Webs\Content\sik\galleri.htm --> hem2.passagen.se / galleri.htm
99.12.11 17:03 B C:\FrontPage Webs\Content\sik\galleri1.htm --> hem2.passagen.se / galleri1.htm
99.12.11 17:03 B C:\FrontPage Webs\Content\sik\galleri2.htm --> hem2.passagen.se / galleri2.htm
99.12.11 17:03 B C:\FrontPage Webs\Content\sik\HIST.HTM --> hem2.passagen.se / HIST.HTM
99.12.11 17:03 B C:\FrontPage Webs\Content\sik\LANK.HTM --> hem2.passagen.se / LANK.HTM
99.12.11 17:03 B C:\FrontPage Webs\Content\sik\PRESENT.HTM --> hem2.passagen.se / PRESENT.HTM
99.12.11 17:03 B C:\FrontPage Webs\Content\sik\REGISTER.HTM --> hem2.passagen.se / REGISTER.HTM
99.12.11 17:03 B C:\FrontPage Webs\Content\sik\TURER.HTM --> hem2.passagen.se / TURER.HTM
99.12.11 17:03 B C:\FrontPage Webs\Content\sik\TURER1.HTM --> hem2.passagen.se / TURER1.HTM
99.12.11 18:42 B C:\FrontPage Webs\Content\sik\ALLM.HTM --> hem2.passagen.se / ALLM.HTM
99.12.11 18:42 B C:\FrontPage Webs\Content\sik\anslagst.htm --> hem2.passagen.se / anslagst.htm
99.12.11 18:48 B C:\FrontPage Webs\Content\sik\ALLM.HTM --> hem2.passagen.se / ALLM.HTM
99.12.11 18:48 B C:\FrontPage Webs\Content\sik\anslagst.htm --> hem2.passagen.se / anslagst.htm
99.12.21 21:02 B C:\FrontPage Webs\Content\sik\anslagst.htm --> hem2.passagen.se / anslagst.htm
99.12.21 21:02 B C:\FrontPage Webs\Content\sik\galleri.htm --> hem2.passagen.se / galleri.htm
99.12.21 21:02 B C:\FrontPage Webs\Content\sik\galleri2.htm --> hem2.passagen.se / galleri2.htm
99.12.21 21:03 B C:\FrontPage Webs\Content\sik\galleri3.htm --> hem2.passagen.se / galleri3.htm
100.01.30 13:14 B C:\FrontPage Webs\Content\sik\HIST.HTM --> hem2.passagen.se / HIST.HTM
100.01.30 13:14 B C:\FrontPage Webs\Content\sik\S9900.HTM --> hem2.passagen.se / S9900.HTM
100.01.30 13:14 B C:\FrontPage Webs\Content\sik\T9900.HTM --> hem2.passagen.se / T9900.HTM
100.02.27 22:16 B C:\FrontPage Webs\Content\sik\ALLM.HTM --> hem2.passagen.se / ALLM.HTM
100.02.27 22:16 B C:\FrontPage Webs\Content\sik\REGISTER.HTM --> hem2.passagen.se / REGISTER.HTM
100.02.27 22:17 B C:\FrontPage Webs\Content\sik\S9900.HTM --> hem2.passagen.se / S9900.HTM
100.02.27 22:17 B C:\FrontPage Webs\Content\sik\STADGAR.HTM --> hem2.passagen.se / STADGAR.HTM
100.04.20 15:32 B C:\FrontPage Webs\Content\sik\REGISTER.HTM --> hem2.passagen.se / REGISTER.HTM
100.04.20 15:32 B C:\FrontPage Webs\Content\sik\sommar.htm --> hem2.passagen.se / sommar.htm
100.04.20 15:32 B C:\FrontPage Webs\Content\sik\T9900.HTM --> hem2.passagen.se / T9900.HTM
100.04.20 15:35 B C:\FrontPage Webs\Content\sik\SEG.HTM --> hem2.passagen.se / SEG.HTM
2000.11.19 11:19 B C:\FrontPage Webs\Content\sik\ALLM.HTM --> ftp.passagen.se / ALLM.HTM
2000.11.19 11:19 B C:\FrontPage Webs\Content\sik\BLIMDL.HTM --> ftp.passagen.se / BLIMDL.HTM
2000.11.19 11:19 B C:\FrontPage Webs\Content\sik\galleri.htm --> ftp.passagen.se / galleri.htm
2000.11.19 11:19 B C:\FrontPage Webs\Content\sik\galleri1.htm --> ftp.passagen.se / galleri1.htm
2000.11.19 11:19 B C:\FrontPage Webs\Content\sik\galleri2.htm --> ftp.passagen.se / galleri2.htm
2000.11.19 11:19 B C:\FrontPage Webs\Content\sik\galleri3.htm --> ftp.passagen.se / galleri3.htm
2000.11.19 11:19 B C:\FrontPage Webs\Content\sik\GUANO.HTM --> ftp.passagen.se / GUANO.HTM
2000.11.19 11:19 B C:\FrontPage Webs\Content\sik\GUANO1.HTM --> ftp.passagen.se / GUANO1.HTM
2000.11.19 11:19 B C:\FrontPage Webs\Content\sik\GUANO2.HTM --> ftp.passagen.se / GUANO2.HTM
2000.11.19 11:19 B C:\FrontPage Webs\Content\sik\GUANO3.HTM --> ftp.passagen.se / GUANO3.HTM
2000.11.19 11:19 B C:\FrontPage Webs\Content\sik\HIST.HTM --> ftp.passagen.se / HIST.HTM
2000.11.19 11:19 B C:\FrontPage Webs\Content\sik\INDEX.HTM --> ftp.passagen.se / INDEX.HTM
2000.11.19 11:19 B C:\FrontPage Webs\Content\sik\IS.HTM --> ftp.passagen.se / IS.HTM
2000.11.19 11:19 B C:\FrontPage Webs\Content\sik\LANK.HTM --> ftp.passagen.se / LANK.HTM
2000.11.19 11:19 B C:\FrontPage Webs\Content\sik\PRESENT.HTM --> ftp.passagen.se / PRESENT.HTM
2000.11.19 11:19 B C:\FrontPage Webs\Content\sik\REGISTER.HTM --> ftp.passagen.se / REGISTER.HTM
2000.11.19 11:19 B C:\FrontPage Webs\Content\sik\S9697.HTM --> ftp.passagen.se / S9697.HTM
2000.11.19 11:19 B C:\FrontPage Webs\Content\sik\S9798.HTM --> ftp.passagen.se / S9798.HTM
2000.11.19 11:19 B C:\FrontPage Webs\Content\sik\S9899.HTM --> ftp.passagen.se / S9899.HTM
2000.11.19 11:19 B C:\FrontPage Webs\Content\sik\S9900.HTM --> ftp.passagen.se / S9900.HTM
2000.11.19 11:19 B C:\FrontPage Webs\Content\sik\SEG.HTM --> ftp.passagen.se / SEG.HTM
2000.11.19 11:19 B C:\FrontPage Webs\Content\sik\SKRID.HTM --> ftp.passagen.se / SKRID.HTM
2000.11.19 11:19 B C:\FrontPage Webs\Content\sik\STADGAR.HTM --> ftp.passagen.se / STADGAR.HTM
2000.11.19 11:20 B C:\FrontPage Webs\Content\sik\T9697.HTM --> ftp.passagen.se / T9697.HTM
2000.11.19 11:20 B C:\FrontPage Webs\Content\sik\T9798.HTM --> ftp.passagen.se / T9798.HTM
2000.11.19 11:20 B C:\FrontPage Webs\Content\sik\T9899.HTM --> ftp.passagen.se / T9899.HTM
2000.11.19 11:20 B C:\FrontPage Webs\Content\sik\T9900.HTM --> ftp.passagen.se / T9900.HTM
2000.11.19 11:20 B C:\FrontPage Webs\Content\sik\TURER.HTM --> ftp.passagen.se / TURER.HTM
2000.11.19 11:20 B C:\FrontPage Webs\Content\sik\TURER1.HTM --> ftp.passagen.se / TURER1.HTM
2000.11.19 11:20 B C:\FrontPage Webs\Content\sik\VERKSA.HTM --> ftp.passagen.se / VERKSA.HTM
2000.11.26 20:22 B C:\FrontPage Webs\Content\sik\LANK.HTM --> ftp.passagen.se / LANK.HTM
2000.11.26 20:22 B C:\FrontPage Webs\Content\sik\REGISTER.HTM --> ftp.passagen.se / REGISTER.HTM
2000.11.27 19:28 B C:\FrontPage Webs\Content\sik\GUANO.HTM --> ftp.passagen.se / GUANO.HTM
2000.11.27 19:29 B C:\FrontPage Webs\Content\sik\GUANO1.HTM --> ftp.passagen.se / GUANO1.HTM
2000.11.27 19:29 B C:\FrontPage Webs\Content\sik\GUANO2.HTM --> ftp.passagen.se / GUANO2.HTM
2000.11.27 19:29 B C:\FrontPage Webs\Content\sik\GUANO3.HTM --> ftp.passagen.se / GUANO3.HTM
2000.11.27 19:29 B C:\FrontPage Webs\Content\sik\GUANO4.HTM --> ftp.passagen.se / GUANO4.HTM
2000.11.27 19:29 B C:\FrontPage Webs\Content\sik\REGISTER.HTM --> ftp.passagen.se / REGISTER.HTM
2000.11.27 19:29 B C:\FrontPage Webs\Content\sik\S0001.HTM --> ftp.passagen.se / S0001.HTM
2000.11.27 19:29 B C:\FrontPage Webs\Content\sik\S9697.HTM --> ftp.passagen.se / S9697.HTM
2000.11.27 19:29 B C:\FrontPage Webs\Content\sik\S9798.HTM --> ftp.passagen.se / S9798.HTM
2000.11.27 19:29 B C:\FrontPage Webs\Content\sik\S9899.HTM --> ftp.passagen.se / S9899.HTM
2000.11.27 19:29 B C:\FrontPage Webs\Content\sik\S9900.HTM --> ftp.passagen.se / S9900.HTM
2000.11.27 19:29 B C:\FrontPage Webs\Content\sik\T0001.HTM --> ftp.passagen.se / T0001.HTM
2000.11.27 19:29 B C:\FrontPage Webs\Content\sik\T9697.HTM --> ftp.passagen.se / T9697.HTM
2000.11.27 19:29 B C:\FrontPage Webs\Content\sik\T9798.HTM --> ftp.passagen.se / T9798.HTM
2000.11.27 19:29 B C:\FrontPage Webs\Content\sik\T9899.HTM --> ftp.passagen.se / T9899.HTM
2000.11.27 19:29 B C:\FrontPage Webs\Content\sik\T9900.HTM --> ftp.passagen.se / T9900.HTM
2000.11.27 19:29 B C:\FrontPage Webs\Content\sik\TURER.HTM --> ftp.passagen.se / TURER.HTM
2000.11.27 19:30 B C:\FrontPage Webs\Content\sik\TURER1.HTM --> ftp.passagen.se / TURER1.HTM
2000.11.30 21:00 B C:\FrontPage Webs\Content\sik\IS.HTM --> ftp.passagen.se / IS.HTM
2000.11.30 21:00 B C:\FrontPage Webs\Content\sik\ledar.htm --> ftp.passagen.se / ledar.htm
2000.11.30 21:00 B C:\FrontPage Webs\Content\sik\REGISTER.HTM --> ftp.passagen.se / REGISTER.HTM
2000.11.30 21:00 B C:\FrontPage Webs\Content\sik\SKRID.HTM --> ftp.passagen.se / SKRID.HTM
2001.01.20 20:11 B C:\FrontPage Webs\Content\sik\ALLM.HTM --> ftp.passagen.se / ALLM.HTM
2001.01.20 20:11 B C:\FrontPage Webs\Content\sik\REGISTER.HTM --> ftp.passagen.se / REGISTER.HTM
2001.01.20 20:11 B C:\FrontPage Webs\Content\sik\S0001.HTM --> ftp.passagen.se / S0001.HTM
2001.01.20 20:11 B C:\FrontPage Webs\Content\sik\SKRID.HTM --> ftp.passagen.se / SKRID.HTM
2001.01.20 20:11 B C:\FrontPage Webs\Content\sik\T0001.HTM --> ftp.passagen.se / T0001.HTM
2001.01.20 20:11 B C:\FrontPage Webs\Content\sik\TURER1.HTM --> ftp.passagen.se / TURER1.HTM
2001.02.25 14:50 B C:\FrontPage Webs\Content\sik\PRESENT.HTM --> ftp.passagen.se / PRESENT.HTM
2001.02.25 14:50 B C:\FrontPage Webs\Content\sik\REGISTER.HTM --> ftp.passagen.se / REGISTER.HTM
2001.02.25 14:50 B C:\FrontPage Webs\Content\sik\S0001.HTM --> ftp.passagen.se / S0001.HTM
2001.02.25 14:50 B C:\FrontPage Webs\Content\sik\T0001.HTM --> ftp.passagen.se / T0001.HTM
2001.03.23 19:36 B C:\FrontPage Webs\Content\sik\HIST.HTM --> ftp.passagen.se / HIST.HTM
2001.03.23 19:36 B C:\FrontPage Webs\Content\sik\PRESENT.HTM --> ftp.passagen.se / PRESENT.HTM
2001.03.23 19:36 B C:\FrontPage Webs\Content\sik\REGISTER.HTM --> ftp.passagen.se / REGISTER.HTM
2001.03.23 19:36 B C:\FrontPage Webs\Content\sik\S0001.HTM --> ftp.passagen.se / S0001.HTM
2001.03.23 19:36 B C:\FrontPage Webs\Content\sik\sommarpr.htm --> ftp.passagen.se / sommarpr.htm
2001.06.22 16:07 B C:\FrontPage Webs\Content\sik\REGISTER.HTM --> ftp.passagen.se / REGISTER.HTM
2001.06.22 16:07 B C:\FrontPage Webs\Content\sik\T0001.HTM --> ftp.passagen.se / T0001.HTM
2001.09.24 19:51 B C:\FrontPage Webs\Content\sik\galleri.htm --> ftp.passagen.se / galleri.htm
2001.09.24 19:51 B C:\FrontPage Webs\Content\sik\galleri4.htm --> ftp.passagen.se / galleri4.htm
2001.09.24 19:51 B C:\FrontPage Webs\Content\sik\LANK.HTM --> ftp.passagen.se / LANK.HTM
2001.09.24 19:51 B C:\FrontPage Webs\Content\sik\REGISTER.HTM --> ftp.passagen.se / REGISTER.HTM
2001.09.24 19:51 B C:\FrontPage Webs\Content\sik\sommarpr.htm --> ftp.passagen.se / sommarpr.htm
2001.09.24 19:51 B C:\FrontPage Webs\Content\sik\T0001.HTM --> ftp.passagen.se / T0001.HTM
